<?xml version="1.0" encoding="UTF-8"?>
<!-- Generated by org.testng.reporters.JUnitReportReporter -->
<testsuite hostname="DESKTOP-RT4D28D" failures="0" tests="2" name="qaclickacademy.maven_java1.SeleniumTest" time="0.142" errors="0" timestamp="04 Jan 2021 01:02:54 GMT" skipped="0">
  <testcase classname="qaclickacademy.maven_java1.SeleniumTest" name="seleniumTest2" time="0.060"/>
  <testcase classname="qaclickacademy.maven_java1.SeleniumTest" name="seleniumTest1" time="0.082"/>
</testsuite> <!-- qaclickacademy.maven_java1.SeleniumTest -->
