<?xml version="1.0" encoding="UTF-8"?>
<!-- Generated by org.testng.reporters.JUnitReportReporter -->
<testsuite hostname="DESKTOP-RT4D28D" failures="0" tests="2" name="qaclickacademy.maven_java1.RestApiTest" time="0.008" errors="0" timestamp="18 Nov 2020 14:14:03 GMT" skipped="0">
  <testcase classname="qaclickacademy.maven_java1.RestApiTest" name="restApiTest1" time="0.001"/>
  <testcase classname="qaclickacademy.maven_java1.RestApiTest" name="restApiTest2" time="0.007"/>
</testsuite> <!-- qaclickacademy.maven_java1.RestApiTest -->
