<?xml version="1.0" encoding="UTF-8"?>
<!-- Generated by org.testng.reporters.JUnitReportReporter -->
<testsuite hostname="DESKTOP-RT4D28D" failures="0" tests="2" name="qaclickacademy.maven_java1.AppiumTest" time="0.088" errors="0" timestamp="18 Nov 2020 14:14:03 GMT" skipped="0">
  <testcase classname="qaclickacademy.maven_java1.AppiumTest" name="appiumTest2" time="0.001"/>
  <testcase classname="qaclickacademy.maven_java1.AppiumTest" name="appiumTest1" time="0.087"/>
</testsuite> <!-- qaclickacademy.maven_java1.AppiumTest -->
